mode: atomic
github.com/alessiosavi/Requests/Requests.go:27.62,30.25 2 4
github.com/alessiosavi/Requests/Requests.go:35.2,37.33 3 2
github.com/alessiosavi/Requests/Requests.go:48.2,48.13 1 2
github.com/alessiosavi/Requests/Requests.go:30.25,33.3 2 2
github.com/alessiosavi/Requests/Requests.go:37.33,46.3 7 2
github.com/alessiosavi/Requests/Requests.go:52.108,60.13 4 11
github.com/alessiosavi/Requests/Requests.go:65.2,65.79 1 11
github.com/alessiosavi/Requests/Requests.go:72.2,73.16 2 7
github.com/alessiosavi/Requests/Requests.go:97.2,98.29 2 4
github.com/alessiosavi/Requests/Requests.go:114.2,114.46 1 4
github.com/alessiosavi/Requests/Requests.go:120.2,122.16 3 4
github.com/alessiosavi/Requests/Requests.go:127.2,130.16 3 3
github.com/alessiosavi/Requests/Requests.go:135.2,136.32 2 3
github.com/alessiosavi/Requests/Requests.go:140.2,148.18 8 3
github.com/alessiosavi/Requests/Requests.go:60.13,63.3 1 6
github.com/alessiosavi/Requests/Requests.go:65.79,70.3 4 4
github.com/alessiosavi/Requests/Requests.go:74.13,75.50 1 4
github.com/alessiosavi/Requests/Requests.go:76.14,78.22 1 2
github.com/alessiosavi/Requests/Requests.go:84.3,84.73 1 0
github.com/alessiosavi/Requests/Requests.go:85.13,86.50 1 0
github.com/alessiosavi/Requests/Requests.go:87.16,88.53 1 0
github.com/alessiosavi/Requests/Requests.go:89.10,94.19 5 1
github.com/alessiosavi/Requests/Requests.go:78.22,83.4 4 2
github.com/alessiosavi/Requests/Requests.go:98.29,102.49 3 1
github.com/alessiosavi/Requests/Requests.go:107.3,107.30 1 1
github.com/alessiosavi/Requests/Requests.go:102.49,104.4 1 0
github.com/alessiosavi/Requests/Requests.go:104.9,106.4 1 1
github.com/alessiosavi/Requests/Requests.go:107.30,109.4 1 0
github.com/alessiosavi/Requests/Requests.go:114.46,118.3 2 0
github.com/alessiosavi/Requests/Requests.go:122.16,126.3 3 1
github.com/alessiosavi/Requests/Requests.go:130.16,134.3 3 0
github.com/alessiosavi/Requests/Requests.go:136.32,138.3 1 20
